<?xml version="1.0" encoding="UTF-8"?>
<!-- Generated by org.testng.reporters.JUnitReportReporter -->
<testsuite hostname="LAPTOP-1FIPA7AI" failures="0" tests="2" name="cucumberOptions.TestNgRunner" time="23.851" errors="0" timestamp="2022-01-26T12:51:58 EST" skipped="0">
  <testcase classname="cucumberOptions.TestNgRunner" name="runScenario" time="9.080"/>
  <system-out/>
  <testcase classname="cucumberOptions.TestNgRunner" name="runScenario" time="14.771"/>
  <system-out/>
</testsuite> <!-- cucumberOptions.TestNgRunner -->
