<?xml version="1.0" encoding="UTF-8"?>
<!-- Generated by org.testng.reporters.JUnitReportReporter -->
<testsuite skipped="0" hostname="LAPTOP-1FIPA7AI" name="cucumberOptions.TestNgRunner" tests="6" failures="0" timestamp="2022-01-21T15:08:07 EST" time="0.083" errors="0">
  <testcase name="runScenario" time="0.003" classname="cucumberOptions.TestNgRunner"/>
  <system-out/>
  <testcase name="runScenario" time="0.004" classname="cucumberOptions.TestNgRunner"/>
  <system-out/>
  <testcase name="runScenario" time="0.004" classname="cucumberOptions.TestNgRunner"/>
  <system-out/>
  <testcase name="runScenario" time="0.004" classname="cucumberOptions.TestNgRunner"/>
  <system-out/>
  <testcase name="runScenario" time="0.058" classname="cucumberOptions.TestNgRunner"/>
  <system-out/>
  <testcase name="runScenario" time="0.010" classname="cucumberOptions.TestNgRunner"/>
  <system-out/>
</testsuite> <!-- cucumberOptions.TestNgRunner -->
